<?xml version="1.0" encoding="UTF-8"?>
<!-- Generated by org.testng.reporters.JUnitXMLReporter -->
<testsuite hostname="LAPTOP-JS1ND5UI" ignored="0" name="Test" tests="2" failures="0" timestamp="2020-07-15T23:04:24 IST" time="68.182" errors="0">
  <testcase name="launchLeafOrgAppInEmulator" time="46.721" classname="leaforg.framework.TestNG_LaunchAppEmulator"/>
  <testcase name="launchLeafOrgAppInEmulator" time="68.068" classname="leaforg.framework.TestNG_LaunchAppRealDevice"/>
</testsuite> <!-- Test -->
