<?xml version="1.0" encoding="UTF-8"?>
<testng-results skipped="0" failed="0" ignored="0" total="1" passed="1">
  <reporter-output>
  </reporter-output>
  <suite name="Default suite" duration-ms="67415" started-at="2020-07-21T23:15:31 IST" finished-at="2020-07-21T23:16:39 IST">
    <groups>
    </groups>
    <test name="Default test" duration-ms="67415" started-at="2020-07-21T23:15:31 IST" finished-at="2020-07-21T23:16:39 IST">
      <class name="connectViaWifi.WifiDisabled">
        <test-method status="PASS" signature="learnWifiEnabled_Disabled()[pri:0, instance:connectViaWifi.WifiDisabled@14ddd49]" name="learnWifiEnabled_Disabled" duration-ms="67306" started-at="2020-07-21T23:15:32 IST" finished-at="2020-07-21T23:16:39 IST">
          <reporter-output>
          </reporter-output>
        </test-method> <!-- learnWifiEnabled_Disabled -->
      </class> <!-- connectViaWifi.WifiDisabled -->
    </test> <!-- Default test -->
  </suite> <!-- Default suite -->
</testng-results>
